[2018-03-01 12:23:27.640] [exthost1] [info] extension host started
[2018-03-01 12:23:27.653] [exthost1] [info] ExtensionService#_doActivateExtension vscode.emmet {"startup":true,"activationEvent":"*"}
[2018-03-01 12:23:27.653] [exthost1] [info] ExtensionService#loadCommonJSModule /usr/share/code/resources/app/extensions/emmet/out/extension
[2018-03-01 12:23:27.863] [exthost1] [info] ExtensionService#_doActivateExtension vscode.git {"startup":true,"activationEvent":"*"}
[2018-03-01 12:23:27.863] [exthost1] [info] ExtensionService#loadCommonJSModule /usr/share/code/resources/app/extensions/git/out/main
[2018-03-01 12:23:28.089] [exthost1] [info] ExtensionService#_doActivateExtension vscode.merge-conflict {"startup":true,"activationEvent":"*"}
[2018-03-01 12:23:28.089] [exthost1] [info] ExtensionService#loadCommonJSModule /usr/share/code/resources/app/extensions/merge-conflict/out/extension
[2018-03-01 12:23:28.132] [exthost1] [info] ExtensionService#_doActivateExtension ms-vscode.sublime-keybindings {"startup":true,"activationEvent":"*"}
[2018-03-01 12:23:28.132] [exthost1] [info] ExtensionService#loadCommonJSModule /home/default/.vscode/extensions/ms-vscode.sublime-keybindings-3.0.3/extension
[2018-03-01 12:23:28.150] [exthost1] [info] eager extensions activated
[2018-03-01 12:23:28.152] [exthost1] [info] ExtensionService#_doActivateExtension vscode.html {"startup":false,"activationEvent":"onLanguage:html"}
[2018-03-01 12:23:28.152] [exthost1] [info] ExtensionService#loadCommonJSModule /usr/share/code/resources/app/extensions/html/client/out/htmlMain
[2018-03-01 12:38:16.025] [exthost1] [info] ExtensionService#_doActivateExtension vscode.configuration-editing {"startup":false,"activationEvent":"onLanguage:jsonc"}
[2018-03-01 12:38:16.025] [exthost1] [info] ExtensionService#loadCommonJSModule /usr/share/code/resources/app/extensions/configuration-editing/out/extension
[2018-03-01 12:38:16.080] [exthost1] [info] ExtensionService#_doActivateExtension vscode.json {"startup":false,"activationEvent":"onLanguage:jsonc"}
[2018-03-01 12:38:16.080] [exthost1] [info] ExtensionService#loadCommonJSModule /usr/share/code/resources/app/extensions/json/client/out/jsonMain
[2018-03-01 12:46:42.050] [exthost1] [info] ExtensionService#_doActivateExtension rebornix.Ruby {"startup":false,"activationEvent":"onLanguage:ruby"}
[2018-03-01 12:46:42.050] [exthost1] [info] ExtensionService#loadCommonJSModule /home/default/.vscode/extensions/rebornix.ruby-0.16.0/out/ruby.js
[2018-03-01 13:46:38.494] [exthost1] [info] ExtensionService#_doActivateExtension vscode.javascript {"startup":false,"activationEvent":"onLanguage:javascript"}
[2018-03-01 13:46:38.494] [exthost1] [info] ExtensionService#loadCommonJSModule /usr/share/code/resources/app/extensions/javascript/out/javascriptMain
[2018-03-01 13:46:38.518] [exthost1] [info] ExtensionService#_doActivateExtension vscode.typescript {"startup":false,"activationEvent":"onLanguage:javascript"}
[2018-03-01 13:46:38.518] [exthost1] [info] ExtensionService#loadCommonJSModule /usr/share/code/resources/app/extensions/typescript/out/extension
[2018-03-01 14:26:13.199] [exthost1] [info] ExtensionService#_doActivateExtension vscode.extension-editing {"startup":false,"activationEvent":"onLanguage:typescript"}
[2018-03-01 14:26:13.199] [exthost1] [info] ExtensionService#loadCommonJSModule /usr/share/code/resources/app/extensions/extension-editing/out/extension
[2018-03-01 17:08:07.765] [exthost1] [info] ExtensionService#_doActivateExtension austin.code-gnu-global {"startup":false,"activationEvent":"onLanguage:c"}
[2018-03-01 17:08:07.840] [exthost1] [info] ExtensionService#loadCommonJSModule /home/default/.vscode/extensions/austin.code-gnu-global-0.2.2/out/src/extension
[2018-03-01 17:08:09.285] [exthost1] [info] ExtensionService#_doActivateExtension ms-vscode.cpptools {"startup":false,"activationEvent":"onLanguage:c"}
[2018-03-01 17:08:09.285] [exthost1] [info] ExtensionService#loadCommonJSModule /home/default/.vscode/extensions/ms-vscode.cpptools-0.15.0/out/src/main
[2018-03-01 22:06:14.258] [exthost1] [info] ExtensionService#_doActivateExtension vscode.css {"startup":false,"activationEvent":"onLanguage:scss"}
[2018-03-01 22:06:14.259] [exthost1] [info] ExtensionService#loadCommonJSModule /usr/share/code/resources/app/extensions/css/client/out/cssMain
[2018-03-02 08:17:40.983] [exthost1] [info] ExtensionService#_doActivateExtension PeterJausovec.vscode-docker {"startup":false,"activationEvent":"onView:dockerExplorer"}
[2018-03-02 08:17:40.983] [exthost1] [info] ExtensionService#loadCommonJSModule /home/default/.vscode/extensions/PeterJausovec.vscode-docker-0.0.24/out/dockerExtension
